Using pre-set license
Built from '2020.3/staging' branch; Version is '2020.3.4f1 (0abb6314276a) revision 703331'; Using compiler version '192528614'; Build Type 'Release'
OS: 'Windows 10 Home Single Language; OS build 22000.318; Version 2009; 64bit' Language: 'en' Physical Memory: 7914 MB
BatchMode: 1, IsHumanControllingUs: 0, StartBugReporterOnCrash: 0, Is64bit: 1, IsPro: 0

 COMMAND LINE ARGUMENTS:
C:\Program Files\Unity\Hub\Editor\2020.3.4f1\Editor\Unity.exe
-adb2
-batchMode
-noUpm
-name
AssetImportWorker0
-projectPath
E:/GitHub/SpaceShip/Space_Ship
-logFile
Logs/AssetImportWorker0.log
-srvPort
64004
Successfully changed project path to: E:/GitHub/SpaceShip/Space_Ship
E:/GitHub/SpaceShip/Space_Ship
Using Asset Import Pipeline V2.
Refreshing native plugins compatible for Editor in 29.12 ms, found 1 plugins.
Preloading 0 native plugins for Editor in 0.00 ms.
Initialize engine version: 2020.3.4f1 (0abb6314276a)
[Subsystems] Discovering subsystems at path C:/Program Files/Unity/Hub/Editor/2020.3.4f1/Editor/Data/Resources/UnitySubsystems
[Subsystems] Discovering subsystems at path E:/GitHub/SpaceShip/Space_Ship/Assets
GfxDevice: creating device client; threaded=0
Direct3D:
    Version:  Direct3D 11.0 [level 11.1]
    Renderer: NVIDIA GeForce MX330 (ID=0x1d16)
    Vendor:   
    VRAM:     1983 MB
    Driver:   27.21.14.6231
Initialize mono
Mono path[0] = 'C:/Program Files/Unity/Hub/Editor/2020.3.4f1/Editor/Data/Managed'
Mono path[1] = 'C:/Program Files/Unity/Hub/Editor/2020.3.4f1/Editor/Data/MonoBleedingEdge/lib/mono/unityjit'
Mono config path = 'C:/Program Files/Unity/Hub/Editor/2020.3.4f1/Editor/Data/MonoBleedingEdge/etc'
Using monoOptions --debugger-agent=transport=dt_socket,embedding=1,server=y,suspend=n,address=127.0.0.1:56844
Begin MonoManager ReloadAssembly
Registering precompiled unity dll's ...
Register platform support module: C:/Program Files/Unity/Hub/Editor/2020.3.4f1/Editor/Data/PlaybackEngines/WebGLSupport/UnityEditor.WebGL.Extensions.dll
Register platform support module: C:/Program Files/Unity/Hub/Editor/2020.3.4f1/Editor/Data/PlaybackEngines/WindowsStandaloneSupport/UnityEditor.WindowsStandalone.Extensions.dll
Registered in 0.001797 seconds.
Native extension for WindowsStandalone target not found
Native extension for WebGL target not found
Refreshing native plugins compatible for Editor in 38.21 ms, found 1 plugins.
Preloading 0 native plugins for Editor in 0.00 ms.
Mono: successfully reloaded assembly
- Completed reload, in  0.903 seconds
Platform modules already initialized, skipping
Registering precompiled user dll's ...
Registered in 0.000725 seconds.
Begin MonoManager ReloadAssembly
Native extension for WindowsStandalone target not found
Native extension for WebGL target not found
Refreshing native plugins compatible for Editor in 34.36 ms, found 1 plugins.
Preloading 0 native plugins for Editor in 0.00 ms.
Mono: successfully reloaded assembly
- Completed reload, in  0.717 seconds
Platform modules already initialized, skipping
========================================================================
Worker process is ready to serve import requests
Launched and connected shader compiler UnityShaderCompiler.exe after 0.05 seconds
Refreshing native plugins compatible for Editor in 0.32 ms, found 1 plugins.
Preloading 0 native plugins for Editor in 0.00 ms.
Unloading 1816 Unused Serialized files (Serialized files now loaded: 0)
System memory in use before: 156.1 MB.
System memory in use after: 156.2 MB.

Unloading 21 unused Assets to reduce memory usage. Loaded Objects now: 2266.
Total: 1.957700 ms (FindLiveObjects: 0.135900 ms CreateObjectMapping: 0.043000 ms MarkObjects: 1.676000 ms  DeleteObjects: 0.101800 ms)

========================================================================
Received Import Request.
  path: Assets/Scripts/GameVolleyball
  artifactKey: Guid(051d4d1a8c730514d9d94bab209a7c7d) Importer(815301076,1909f56bfc062723c751e8b465ee728b)
Start importing Assets/Scripts/GameVolleyball using Guid(051d4d1a8c730514d9d94bab209a7c7d) Importer(815301076,1909f56bfc062723c751e8b465ee728b)  -> (artifact id: 'e3f5cc6a3a9ca8598492d36dc88cef16') in 0.005435 seconds
  Import took 0.009069 seconds .

========================================================================
Received Import Request.
  Time since last request: 2.459251 seconds.
  path: Assets/Scripts/Beachball.cs
  artifactKey: Guid(0e65be8f327052041a92430d02a45a70) Importer(815301076,1909f56bfc062723c751e8b465ee728b)
Start importing Assets/Scripts/Beachball.cs using Guid(0e65be8f327052041a92430d02a45a70) Importer(815301076,1909f56bfc062723c751e8b465ee728b)  -> (artifact id: '4ca85d87fa8033e907a68ffc24216d7d') in 0.018424 seconds
  Import took 0.021685 seconds .

========================================================================
Received Import Request.
  Time since last request: 0.009928 seconds.
  path: Assets/Scripts/Beachball.cs
  artifactKey: Guid(0e65be8f327052041a92430d02a45a70) Importer(815301076,1909f56bfc062723c751e8b465ee728b)
Start importing Assets/Scripts/Beachball.cs using Guid(0e65be8f327052041a92430d02a45a70) Importer(815301076,1909f56bfc062723c751e8b465ee728b)  -> (artifact id: '4ca85d87fa8033e907a68ffc24216d7d') in 0.001989 seconds
  Import took 0.004903 seconds .

========================================================================
Received Import Request.
  Time since last request: 6.518350 seconds.
  path: Assets/Scripts/Player.cs
  artifactKey: Guid(692e98bf8cbb35f4b94c08fa6c07b3e3) Importer(815301076,1909f56bfc062723c751e8b465ee728b)
Start importing Assets/Scripts/Player.cs using Guid(692e98bf8cbb35f4b94c08fa6c07b3e3) Importer(815301076,1909f56bfc062723c751e8b465ee728b)  -> (artifact id: 'd95500e5862cdbdc06bc78fbe8565fa5') in 0.002166 seconds
  Import took 0.006774 seconds .

========================================================================
Received Prepare
Registering precompiled user dll's ...
Registered in 0.001059 seconds.
Begin MonoManager ReloadAssembly
Native extension for WindowsStandalone target not found
Native extension for WebGL target not found
Refreshing native plugins compatible for Editor in 0.29 ms, found 1 plugins.
Preloading 0 native plugins for Editor in 0.00 ms.
Mono: successfully reloaded assembly
- Completed reload, in  0.683 seconds
Platform modules already initialized, skipping
Refreshing native plugins compatible for Editor in 0.30 ms, found 1 plugins.
Preloading 0 native plugins for Editor in 0.00 ms.
Unloading 1808 Unused Serialized files (Serialized files now loaded: 0)
System memory in use before: 155.8 MB.
System memory in use after: 155.9 MB.

Unloading 9 unused Assets to reduce memory usage. Loaded Objects now: 2270.
Total: 1.729800 ms (FindLiveObjects: 0.151400 ms CreateObjectMapping: 0.035200 ms MarkObjects: 1.459400 ms  DeleteObjects: 0.083000 ms)

========================================================================
Received Prepare
Registering precompiled user dll's ...
Registered in 0.000856 seconds.
Begin MonoManager ReloadAssembly
Native extension for WindowsStandalone target not found
Native extension for WebGL target not found
Refreshing native plugins compatible for Editor in 0.33 ms, found 1 plugins.
Preloading 0 native plugins for Editor in 0.00 ms.
Mono: successfully reloaded assembly
- Completed reload, in  0.693 seconds
Platform modules already initialized, skipping
Refreshing native plugins compatible for Editor in 0.35 ms, found 1 plugins.
Preloading 0 native plugins for Editor in 0.00 ms.
Unloading 1808 Unused Serialized files (Serialized files now loaded: 0)
System memory in use before: 155.8 MB.
System memory in use after: 155.9 MB.

Unloading 9 unused Assets to reduce memory usage. Loaded Objects now: 2274.
Total: 1.968800 ms (FindLiveObjects: 0.217100 ms CreateObjectMapping: 0.036400 ms MarkObjects: 1.638400 ms  DeleteObjects: 0.075200 ms)

========================================================================
Received Prepare
Registering precompiled user dll's ...
Registered in 0.000762 seconds.
Begin MonoManager ReloadAssembly
Native extension for WindowsStandalone target not found
Native extension for WebGL target not found
Refreshing native plugins compatible for Editor in 0.32 ms, found 1 plugins.
Preloading 0 native plugins for Editor in 0.00 ms.
Mono: successfully reloaded assembly
- Completed reload, in  0.731 seconds
Platform modules already initialized, skipping
Refreshing native plugins compatible for Editor in 0.37 ms, found 1 plugins.
Preloading 0 native plugins for Editor in 0.00 ms.
Unloading 1808 Unused Serialized files (Serialized files now loaded: 0)
System memory in use before: 155.9 MB.
System memory in use after: 155.9 MB.

Unloading 9 unused Assets to reduce memory usage. Loaded Objects now: 2278.
Total: 2.071600 ms (FindLiveObjects: 0.189500 ms CreateObjectMapping: 0.053600 ms MarkObjects: 1.728400 ms  DeleteObjects: 0.098500 ms)

========================================================================
Received Prepare
Registering precompiled user dll's ...
Registered in 0.000767 seconds.
Begin MonoManager ReloadAssembly
Native extension for WindowsStandalone target not found
Native extension for WebGL target not found
Refreshing native plugins compatible for Editor in 0.29 ms, found 1 plugins.
Preloading 0 native plugins for Editor in 0.00 ms.
Mono: successfully reloaded assembly
- Completed reload, in  0.657 seconds
Platform modules already initialized, skipping
Refreshing native plugins compatible for Editor in 0.32 ms, found 1 plugins.
Preloading 0 native plugins for Editor in 0.00 ms.
Unloading 1808 Unused Serialized files (Serialized files now loaded: 0)
System memory in use before: 155.9 MB.
System memory in use after: 155.9 MB.

Unloading 9 unused Assets to reduce memory usage. Loaded Objects now: 2282.
Total: 1.543600 ms (FindLiveObjects: 0.143500 ms CreateObjectMapping: 0.038800 ms MarkObjects: 1.276200 ms  DeleteObjects: 0.083900 ms)

========================================================================
Received Import Request.
  Time since last request: 35.799036 seconds.
  path: Assets/Scripts/SpaceShipGame
  artifactKey: Guid(30a8ce3fced9ad14b949e505c535db20) Importer(815301076,1909f56bfc062723c751e8b465ee728b)
Start importing Assets/Scripts/SpaceShipGame using Guid(30a8ce3fced9ad14b949e505c535db20) Importer(815301076,1909f56bfc062723c751e8b465ee728b)  -> (artifact id: '126ebaa4e76e00a7cfb216f39590c5fe') in 0.003925 seconds
  Import took 0.007159 seconds .

========================================================================
Received Import Request.
  Time since last request: 0.005050 seconds.
  path: Assets/Scripts/SpaceShipGame
  artifactKey: Guid(30a8ce3fced9ad14b949e505c535db20) Importer(815301076,1909f56bfc062723c751e8b465ee728b)
Start importing Assets/Scripts/SpaceShipGame using Guid(30a8ce3fced9ad14b949e505c535db20) Importer(815301076,1909f56bfc062723c751e8b465ee728b)  -> (artifact id: '126ebaa4e76e00a7cfb216f39590c5fe') in 0.001384 seconds
  Import took 0.004122 seconds .

========================================================================
Received Prepare
Registering precompiled user dll's ...
Registered in 0.000793 seconds.
Begin MonoManager ReloadAssembly
Native extension for WindowsStandalone target not found
Native extension for WebGL target not found
Refreshing native plugins compatible for Editor in 0.34 ms, found 1 plugins.
Preloading 0 native plugins for Editor in 0.00 ms.
Mono: successfully reloaded assembly
- Completed reload, in  0.732 seconds
Platform modules already initialized, skipping
Refreshing native plugins compatible for Editor in 0.33 ms, found 1 plugins.
Preloading 0 native plugins for Editor in 0.00 ms.
Unloading 1808 Unused Serialized files (Serialized files now loaded: 0)
System memory in use before: 155.9 MB.
System memory in use after: 155.9 MB.

Unloading 9 unused Assets to reduce memory usage. Loaded Objects now: 2286.
Total: 2.110100 ms (FindLiveObjects: 0.291000 ms CreateObjectMapping: 0.079700 ms MarkObjects: 1.650800 ms  DeleteObjects: 0.087000 ms)

========================================================================
Received Prepare
Registering precompiled user dll's ...
Registered in 0.000871 seconds.
Begin MonoManager ReloadAssembly
Native extension for WindowsStandalone target not found
Native extension for WebGL target not found
Refreshing native plugins compatible for Editor in 0.30 ms, found 1 plugins.
Preloading 0 native plugins for Editor in 0.00 ms.
Mono: successfully reloaded assembly
- Completed reload, in  0.690 seconds
Platform modules already initialized, skipping
Refreshing native plugins compatible for Editor in 0.31 ms, found 1 plugins.
Preloading 0 native plugins for Editor in 0.00 ms.
Unloading 1808 Unused Serialized files (Serialized files now loaded: 0)
System memory in use before: 155.9 MB.
System memory in use after: 156.0 MB.

Unloading 9 unused Assets to reduce memory usage. Loaded Objects now: 2290.
Total: 1.673200 ms (FindLiveObjects: 0.133000 ms CreateObjectMapping: 0.044500 ms MarkObjects: 1.401700 ms  DeleteObjects: 0.093000 ms)

========================================================================
Received Prepare
Registering precompiled user dll's ...
Registered in 0.001143 seconds.
Begin MonoManager ReloadAssembly
Native extension for WindowsStandalone target not found
Native extension for WebGL target not found
Refreshing native plugins compatible for Editor in 0.31 ms, found 1 plugins.
Preloading 0 native plugins for Editor in 0.00 ms.
Mono: successfully reloaded assembly
- Completed reload, in  0.723 seconds
Platform modules already initialized, skipping
Refreshing native plugins compatible for Editor in 0.33 ms, found 1 plugins.
Preloading 0 native plugins for Editor in 0.00 ms.
Unloading 1808 Unused Serialized files (Serialized files now loaded: 0)
System memory in use before: 155.9 MB.
System memory in use after: 156.0 MB.

Unloading 9 unused Assets to reduce memory usage. Loaded Objects now: 2294.
Total: 2.051700 ms (FindLiveObjects: 0.200300 ms CreateObjectMapping: 0.042400 ms MarkObjects: 1.733300 ms  DeleteObjects: 0.074400 ms)

========================================================================
Received Prepare
Registering precompiled user dll's ...
Registered in 0.001021 seconds.
Begin MonoManager ReloadAssembly
Native extension for WindowsStandalone target not found
Native extension for WebGL target not found
Refreshing native plugins compatible for Editor in 0.30 ms, found 1 plugins.
Preloading 0 native plugins for Editor in 0.00 ms.
Mono: successfully reloaded assembly
- Completed reload, in  0.679 seconds
Platform modules already initialized, skipping
Refreshing native plugins compatible for Editor in 0.32 ms, found 1 plugins.
Preloading 0 native plugins for Editor in 0.00 ms.
Unloading 1808 Unused Serialized files (Serialized files now loaded: 0)
System memory in use before: 155.9 MB.
System memory in use after: 156.0 MB.

Unloading 9 unused Assets to reduce memory usage. Loaded Objects now: 2298.
Total: 1.768600 ms (FindLiveObjects: 0.219100 ms CreateObjectMapping: 0.102700 ms MarkObjects: 1.382200 ms  DeleteObjects: 0.063200 ms)

AssetImportWorkerClient::OnTransportError - code=2 error=End of file
